\BOOKMARK [-1][-]{part.1}{\376\377\000I\000\040\000C\000i\000e\000n\000c\000i\000a\000\040\000d\000e\000\040\000d\000a\000t\000o\000s}{}% 1
\BOOKMARK [0][-]{chapter.1}{\376\377\000P\000r\000o\000y\000e\000c\000t\000o\000s\000\040\000d\000a\000t\000a\000\040\000A\000n\000a\000l\000y\000s\000i\000s}{part.1}% 2
\BOOKMARK [0][-]{chapter.2}{\376\377\000A\000n\000\341\000l\000i\000s\000i\000s\000\040\000d\000e\000\040\000d\000a\000t\000o\000s}{part.1}% 3
\BOOKMARK [1][-]{section.2.1}{\376\377\000\277\000Q\000u\000\351\000\040\000t\000i\000p\000o\000\040\000d\000e\000\040\000i\000n\000f\000o\000r\000m\000a\000c\000i\000\363\000n\000\040\000p\000o\000d\000e\000m\000o\000s\000\040\000a\000n\000a\000l\000i\000z\000a\000r\000?}{chapter.2}% 4
\BOOKMARK [1][-]{section.2.2}{\376\377\000F\000l\000u\000j\000o\000\040\000d\000e\000\040\000t\000r\000a\000b\000a\000j\000o\000\040\000e\000n\000\040\000c\000i\000e\000n\000c\000i\000a\000\040\000d\000e\000\040\000d\000a\000t\000o\000s\000:\000\040\000f\000a\000s\000e\000s\000,\000\040\000r\000o\000l\000e\000s\000\040\000y\000\040\000o\000p\000o\000r\000t\000u\000n\000i\000d\000a\000d\000e\000s\000\040\000l\000a\000b\000o\000r\000a\000l\000e\000s}{chapter.2}% 5
\BOOKMARK [1][-]{section.2.3}{\376\377\000H\000e\000r\000r\000a\000m\000i\000e\000n\000t\000a\000s\000\040\000p\000a\000r\000a\000\040\000c\000a\000d\000a\000\040\000e\000t\000a\000p\000a\000\040\000d\000e\000l\000\040\000a\000n\000\341\000l\000i\000s\000i\000s\000\040\000d\000e\000\040\000d\000a\000t\000o\000s}{chapter.2}% 6
\BOOKMARK [1][-]{section.2.4}{\376\377\000P\000y\000t\000h\000o\000n\000\040\000e\000n\000\040\000c\000i\000e\000n\000c\000i\000a\000\040\000d\000e\000\040\000D\000a\000t\000o\000s}{chapter.2}% 7
\BOOKMARK [0][-]{chapter.3}{\376\377\000P\000r\000o\000y\000e\000c\000t\000o\000s}{part.1}% 8
\BOOKMARK [1][-]{section.3.1}{\376\377\000C\000r\000e\000d\000i\000t\000\040\000C\000a\000r\000d\000\040\000F\000r\000a\000u\000d\000\040\000D\000e\000t\000e\000c\000t\000i\000o\000n}{chapter.3}% 9
\BOOKMARK [0][-]{chapter.4}{\376\377\000C\000o\000u\000r\000s\000e\000\040\000S\000t\000r\000u\000c\000t\000u\000r\000e\000\040\000\046\000\040\000O\000u\000t\000l\000i\000n\000e}{part.1}% 10
\BOOKMARK [1][-]{section.4.1}{\376\377\000F\000l\000a\000v\000o\000r\000s\000\040\000o\000f\000\040\000A\000n\000a\000l\000y\000t\000i\000c\000s}{chapter.4}% 11
\BOOKMARK [0][-]{chapter.5}{\376\377\000I\000n\000g\000e\000n\000i\000e\000r\000o\000\040\000d\000e\000\040\000d\000a\000t\000o\000s}{part.1}% 12
\BOOKMARK [-1][-]{part.2}{\376\377\000I\000I\000\040\000M\000e\000t\000o\000d\000o\000l\000o\000g\000\355\000a\000s}{}% 13
\BOOKMARK [0][-]{chapter.6}{\376\377\000C\000R\000I\000S\000P\000-\000D\000M}{part.2}% 14
\BOOKMARK [-1][-]{part.3}{\376\377\000I\000I\000I\000\040\000B\000a\000s\000e\000s\000\040\000d\000e\000\040\000D\000a\000t\000o\000s}{}% 15
\BOOKMARK [0][-]{chapter.7}{\376\377\000R\000e\000l\000a\000c\000i\000o\000n\000e\000s}{part.3}% 16
\BOOKMARK [0][-]{chapter.8}{\376\377\000M\000y\000S\000Q\000L}{part.3}% 17
\BOOKMARK [1][-]{section.8.1}{\376\377\000F\000u\000n\000c\000i\000o\000n\000e\000s\000\040\000d\000e\000\040\000c\000o\000n\000t\000r\000o\000l\000\040\000d\000e\000\040\000f\000l\000u\000j\000o}{chapter.8}% 18
\BOOKMARK [1][-]{section.8.2}{\376\377\000S\000u\000b\000q\000u\000e\000r\000i\000e\000s}{chapter.8}% 19
\BOOKMARK [-1][-]{part.4}{\376\377\000I\000V\000\040\000M\000a\000t\000h\000e\000m\000a\000t\000i\000c\000s}{}% 20
\BOOKMARK [0][-]{chapter.9}{\376\377\000C\000o\000m\000b\000i\000n\000a\000t\000o\000r\000i\000c\000s}{part.4}% 21
\BOOKMARK [1][-]{section.9.1}{\376\377\000\040\000F\000o\000u\000r\000\040\000B\000a\000s\000i\000c\000\040\000C\000o\000u\000n\000t\000i\000n\000g\000\040\000P\000r\000i\000n\000c\000i\000p\000l\000e\000s\000\040}{chapter.9}% 22
\BOOKMARK [2][-]{subsection.9.1.1}{\376\377\000A\000d\000d\000i\000t\000i\000o\000n\000\040\000P\000r\000i\000n\000c\000i\000p\000l\000e}{section.9.1}% 23
\BOOKMARK [2][-]{subsection.9.1.2}{\376\377\000M\000u\000l\000t\000i\000p\000l\000i\000c\000a\000t\000i\000o\000n\000\040\000P\000r\000i\000n\000c\000i\000p\000l\000e}{section.9.1}% 24
\BOOKMARK [2][-]{subsection.9.1.3}{\376\377\000S\000u\000b\000t\000r\000a\000t\000i\000o\000n\000\040\000P\000r\000i\000n\000c\000i\000p\000l\000e}{section.9.1}% 25
\BOOKMARK [2][-]{subsection.9.1.4}{\376\377\000D\000i\000v\000i\000s\000i\000o\000n\000\040\000P\000r\000i\000n\000c\000i\000p\000l\000e}{section.9.1}% 26
\BOOKMARK [2][-]{subsection.9.1.5}{\376\377\000P\000E\000R\000M\000U\000T\000A\000T\000I\000O\000N\000S\000\040\000O\000F\000\040\000S\000E\000T\000S}{section.9.1}% 27
\BOOKMARK [2][-]{subsection.9.1.6}{\376\377\000P\000r\000i\000n\000c\000i\000p\000i\000o\000\040\000d\000e\000\040\000l\000a\000\040\000a\000d\000i\000c\000i\000\363\000n}{section.9.1}% 28
\BOOKMARK [2][-]{subsection.9.1.7}{\376\377\000P\000r\000i\000n\000c\000i\000p\000i\000o\000\040\000d\000e\000\040\000l\000a\000\040\000m\000u\000l\000t\000i\000p\000l\000i\000c\000a\000c\000i\000\363\000n}{section.9.1}% 29
\BOOKMARK [2][-]{subsection.9.1.8}{\376\377\000P\000e\000r\000m\000u\000t\000a\000c\000i\000o\000n\000e\000s}{section.9.1}% 30
\BOOKMARK [0][-]{chapter.10}{\376\377\000P\000r\000o\000b\000a\000b\000i\000l\000i\000d\000a\000d}{part.4}% 31
\BOOKMARK [1][-]{section.10.1}{\376\377\000P\000e\000r\000m\000u\000t\000a\000c\000i\000o\000n\000e\000s\000,\000\040\000c\000o\000m\000b\000i\000n\000a\000c\000i\000o\000n\000e\000s\000\040\000y\000\040\000v\000a\000r\000i\000a\000c\000i\000o\000n\000e\000s}{chapter.10}% 32
\BOOKMARK [1][-]{section.10.2}{\376\377\000C\000o\000n\000c\000e\000p\000t\000o\000s\000\040\000b\000\341\000s\000i\000c\000o\000s\000\040\000d\000e\000\040\000p\000r\000o\000b\000a\000b\000i\000l\000i\000d\000a\000d}{chapter.10}% 33
\BOOKMARK [2][-]{subsection.10.2.1}{\376\377\000C\000o\000n\000c\000e\000p\000t\000o\000s\000\040\000b\000\341\000s\000i\000c\000o\000s}{section.10.2}% 34
\BOOKMARK [2][-]{subsection.10.2.2}{\376\377\000E\000s\000p\000a\000c\000i\000o\000\040\000d\000e\000\040\000p\000r\000o\000b\000a\000b\000i\000l\000i\000d\000a\000d\000\040\000d\000e\000\040\000L\000a\000p\000l\000a\000c\000e}{section.10.2}% 35
\BOOKMARK [2][-]{subsection.10.2.3}{\376\377\000P\000r\000o\000b\000a\000b\000i\000l\000i\000d\000a\000d\000\040\000c\000o\000n\000d\000i\000c\000i\000o\000n\000a\000l\000\040\000y\000\040\000e\000v\000e\000n\000t\000o\000s\000\040\000i\000n\000d\000e\000p\000e\000n\000d\000i\000e\000n\000t\000e\000s}{section.10.2}% 36
\BOOKMARK [2][-]{subsection.10.2.4}{\376\377\000P\000r\000o\000b\000a\000b\000i\000l\000i\000d\000a\000d\000\040\000g\000e\000o\000m\000\351\000t\000r\000i\000c\000a}{section.10.2}% 37
\BOOKMARK [1][-]{section.10.3}{\376\377\000V\000a\000r\000i\000a\000b\000l\000e\000s\000\040\000a\000l\000e\000a\000t\000o\000r\000\355\000a\000s\000\040\000y\000\040\000s\000u\000s\000\040\000d\000i\000s\000t\000r\000i\000b\000u\000c\000i\000o\000n\000e\000s}{chapter.10}% 38
\BOOKMARK [2][-]{subsection.10.3.1}{\376\377\000D\000E\000F\000I\000N\000I\000T\000I\000O\000N\000S\000\040\000A\000N\000D\000\040\000P\000R\000O\000P\000E\000R\000T\000I\000E\000S}{section.10.3}% 39
\BOOKMARK [1][-]{section.10.4}{\376\377\000P\000r\000o\000b\000a\000b\000i\000l\000i\000d\000a\000d\000\040\000c\000o\000n\000d\000i\000c\000i\000o\000n\000a\000l\000\040\000y\000\040\000e\000s\000p\000e\000r\000a\000n\000z\000a\000\040\000c\000o\000n\000d\000i\000c\000i\000o\000n\000a\000l}{chapter.10}% 40
\BOOKMARK [2][-]{subsection.10.4.1}{\376\377\000F\000u\000n\000c\000i\001\104\000\040\000d\000e\000\040\000d\000e\000n\000s\000i\000d\000a\000d\000\040\000c\000o\000n\000d\000i\000c\000i\000o\000n\000a\000l}{section.10.4}% 41
\BOOKMARK [0][-]{chapter.11}{\376\377\000E\000s\000t\000a\000d\000\355\000s\000t\000i\000c\000a}{part.4}% 42
\BOOKMARK [1][-]{section.11.1}{\376\377\000E\000s\000t\000i\000m\000a\000c\000i\000\363\000n\000\040\000e\000\040\000i\000n\000f\000e\000r\000e\000n\000c\000i\000a\000\040\000e\000s\000t\000a\000d\000\355\000s\000t\000i\000c\000a}{chapter.11}% 43
\BOOKMARK [2][-]{subsection.11.1.1}{\376\377\000P\000r\000u\000e\000b\000a\000s\000\040\000d\000e\000\040\000h\000i\000p\000o\000t\000e\000s\000i\000s}{section.11.1}% 44
\BOOKMARK [1][-]{section.11.2}{\376\377\000R\000e\000g\000r\000e\000s\000i\000\363\000n}{chapter.11}% 45
\BOOKMARK [2][-]{subsection.11.2.1}{\376\377\000\040\000R\000e\000g\000r\000e\000s\000i\000\355\000o\000n\000\040\000l\000i\000n\000e\000a\000l\000\040\000s\000i\000m\000p\000l\000e\000\040}{section.11.2}% 46
\BOOKMARK [0][-]{chapter.12}{\376\377\000A\000p\000r\000e\000n\000d\000i\000z\000a\000j\000e\000\040\000a\000u\000t\000o\000m\000\341\000t\000i\000c\000o\000\040\0001}{part.4}% 47
\BOOKMARK [1][-]{section.12.1}{\376\377\000U\000n\000i\000d\000a\000d\000\040\0001}{chapter.12}% 48
\BOOKMARK [2][-]{subsection.12.1.1}{\376\377\000I\000n\000t\000r\000o\000d\000u\000c\000c\000i\000\363\000n\000\040\000y\000\040\000f\000u\000n\000d\000a\000m\000e\000n\000t\000o\000s\000\040\000d\000e\000l\000\040\000a\000p\000r\000e\000n\000d\000i\000z\000a\000j\000e\000\040\000a\000u\000t\000o\000m\000\341\000t\000i\000c\000o}{section.12.1}% 49
\BOOKMARK [0][-]{Item.42}{\376\377\000B\000i\000b\000l\000i\000o\000g\000r\000a\000p\000h\000y}{part.4}% 50
